2023-02-25 03:21:32 (success) release
2023-02-25 03:21:32 (success) _looped_task
2023-02-25 03:21:32 (success) upload2pypi
2023-02-25 03:21:10 (startup) upload2pypi
2023-02-25 03:21:10 (success) _ask_confirmation
2023-02-25 03:21:05 (startup) _ask_confirmation
2023-02-25 03:21:05 (success) upload2pypi
2023-02-25 03:20:35 (startup) upload2pypi
2023-02-25 03:20:35 (success) _ask_confirmation
2023-02-25 03:20:33 (startup) _ask_confirmation
2023-02-25 03:20:33 (success) upload2pypi
2023-02-25 03:20:03 (startup) upload2pypi
2023-02-25 03:20:03 (success) _ask_confirmation
2023-02-25 03:19:43 (startup) _ask_confirmation
2023-02-25 03:19:43 (success) upload2pypi
2023-02-25 03:19:13 (startup) upload2pypi
2023-02-25 03:19:13 (success) _ask_confirmation
2023-02-25 03:19:10 (startup) _ask_confirmation
2023-02-25 03:19:10 (success) upload2pypi
2023-02-25 03:18:40 (startup) upload2pypi
2023-02-25 03:18:40 (startup) _looped_task
2023-02-25 03:18:40 (success) _looped_task
2023-02-25 03:18:40 (success) gitpush
2023-02-25 03:18:23 (startup) gitpush
2023-02-25 03:18:23 (startup) _looped_task
2023-02-25 03:18:23 (success) gitcommit
2023-02-25 03:18:23 (startup) gitcommit
2023-02-25 03:18:23 (success) build
2023-02-25 03:18:22 (startup) build
2023-02-25 03:18:22 (success) gitcommit
2023-02-25 03:18:22 (startup) gitcommit
2023-02-25 03:18:22 (success) gendoc
2023-02-25 03:18:20 (startup) gendoc
2023-02-25 03:18:20 (startup) release
2023-02-25 03:10:05 (success) gitinit
2023-02-25 03:09:57 (startup) gitinit
